sending mail to aalmutaw@ucsc.edu
mail to aalmutaw is sent
sending mail to abellouz@ucsc.edu
mail to abellouz is sent
sending mail to abenabba@ucsc.edu
mail to abenabba is sent
sending mail to abuznego@ucsc.edu
mail to abuznego is sent
sending mail to acarndt@ucsc.edu
mail to acarndt is sent
sending mail to adoubekk@ucsc.edu
mail to adoubekk is sent
sending mail to aenoble@ucsc.edu
mail to aenoble is sent
sending mail to alrumill@ucsc.edu
mail to alrumill is sent
sending mail to amalotai@ucsc.edu
mail to amalotai is sent
sending mail to amccree@ucsc.edu
mail to amccree is sent
sending mail to amloeza@ucsc.edu
mail to amloeza is sent
sending mail to amorley@ucsc.edu
mail to amorley is sent
sending mail to apblair@ucsc.edu
mail to apblair is sent
sending mail to asakasai@ucsc.edu
mail to asakasai is sent
sending mail to atuason@ucsc.edu
mail to atuason is sent
sending mail to bdarling@ucsc.edu
mail to bdarling is sent
sending mail to bmondrag@ucsc.edu
mail to bmondrag is sent
sending mail to brpham@ucsc.edu
mail to brpham is sent
sending mail to bseme@ucsc.edu
mail to bseme is sent
sending mail to cabundis@ucsc.edu
mail to cabundis is sent
sending mail to carriaga@ucsc.edu
mail to carriaga is sent
sending mail to ceaoliva@ucsc.edu
mail to ceaoliva is sent
sending mail to chackett@ucsc.edu
mail to chackett is sent
sending mail to chmabake@ucsc.edu
mail to chmabake is sent
sending mail to chshsmit@ucsc.edu
mail to chshsmit is sent
sending mail to ckstone@ucsc.edu
mail to ckstone is sent
sending mail to clamaral@ucsc.edu
mail to clamaral is sent
sending mail to cnpena@ucsc.edu
mail to cnpena is sent
sending mail to coahoust@ucsc.edu
mail to coahoust is sent
sending mail to comhowar@ucsc.edu
mail to comhowar is sent
sending mail to cppizarr@ucsc.edu
mail to cppizarr is sent
sending mail to cvu5@ucsc.edu
mail to cvu5 is sent
sending mail to dakchin@ucsc.edu
mail to dakchin is sent
sending mail to dcejamar@ucsc.edu
mail to dcejamar is sent
sending mail to dchiong@ucsc.edu
mail to dchiong is sent
sending mail to ddang3@ucsc.edu
mail to ddang3 is sent
sending mail to eblank@ucsc.edu
mail to eblank is sent
sending mail to egutier9@ucsc.edu
mail to egutier9 is sent
sending mail to eramitch@ucsc.edu
mail to eramitch is sent
sending mail to eresendi@ucsc.edu
mail to eresendi is sent
sending mail to erobles5@ucsc.edu
mail to erobles5 is sent
sending mail to fconnor@ucsc.edu
mail to fconnor is sent
sending mail to gbiles@ucsc.edu
mail to gbiles is sent
sending mail to gjorgens@ucsc.edu
mail to gjorgens is sent
sending mail to grekhtma@ucsc.edu
mail to grekhtma is sent
sending mail to hpperez@ucsc.edu
mail to hpperez is sent
sending mail to hslu@ucsc.edu
mail to hslu is sent
sending mail to hwang54@ucsc.edu
mail to hwang54 is sent
sending mail to hwhitehi@ucsc.edu
mail to hwhitehi is sent
sending mail to jaakirby@ucsc.edu
mail to jaakirby is sent
sending mail to jahua@ucsc.edu
mail to jahua is sent
sending mail to jajurado@ucsc.edu
mail to jajurado is sent
sending mail to jaortega@ucsc.edu
mail to jaortega is sent
sending mail to jceisner@ucsc.edu
mail to jceisner is sent
sending mail to jchu27@ucsc.edu
mail to jchu27 is sent
sending mail to jcopher@ucsc.edu
mail to jcopher is sent
sending mail to jcsoper@ucsc.edu
mail to jcsoper is sent
sending mail to jdarby@ucsc.edu
mail to jdarby is sent
sending mail to jdekloe@ucsc.edu
mail to jdekloe is sent
sending mail to jdelgad4@ucsc.edu
mail to jdelgad4 is sent
sending mail to jdlammer@ucsc.edu
mail to jdlammer is sent
sending mail to jetrata@ucsc.edu
mail to jetrata is sent
sending mail to jfyang@ucsc.edu
mail to jfyang is sent
sending mail to jgeri@ucsc.edu
mail to jgeri is sent
sending mail to jjuanill@ucsc.edu
mail to jjuanill is sent
sending mail to jlcarlos@ucsc.edu
mail to jlcarlos is sent
sending mail to jlei4@ucsc.edu
mail to jlei4 is sent
sending mail to jmoral18@ucsc.edu
mail to jmoral18 is sent
sending mail to jmroger@ucsc.edu
mail to jmroger is sent
sending mail to jmwaller@ucsc.edu
mail to jmwaller is sent
sending mail to jorblumb@ucsc.edu
mail to jorblumb is sent
sending mail to josholme@ucsc.edu
mail to josholme is sent
sending mail to joyun@ucsc.edu
mail to joyun is sent
sending mail to jran4@ucsc.edu
mail to jran4 is sent
sending mail to jsono@ucsc.edu
mail to jsono is sent
sending mail to jsvanden@ucsc.edu
mail to jsvanden is sent
sending mail to jucsalaz@ucsc.edu
mail to jucsalaz is sent
sending mail to jxu43@ucsc.edu
mail to jxu43 is sent
sending mail to jzhao26@ucsc.edu
mail to jzhao26 is sent
sending mail to kapalaci@ucsc.edu
mail to kapalaci is sent
sending mail to kbrar@ucsc.edu
mail to kbrar is sent
sending mail to kdhua@ucsc.edu
mail to kdhua is sent
sending mail to kehutran@ucsc.edu
mail to kehutran is sent
sending mail to kflores2@ucsc.edu
mail to kflores2 is sent
sending mail to kharpe2@ucsc.edu
mail to kharpe2 is sent
sending mail to kivaldez@ucsc.edu
mail to kivaldez is sent
sending mail to krosengr@ucsc.edu
mail to krosengr is sent
sending mail to kyajohns@ucsc.edu
mail to kyajohns is sent
sending mail to latanner@ucsc.edu
mail to latanner is sent
sending mail to lhyndman@ucsc.edu
mail to lhyndman is sent
sending mail to ljiang2@ucsc.edu
mail to ljiang2 is sent
sending mail to maecabre@ucsc.edu
mail to maecabre is sent
sending mail to maegaspa@ucsc.edu
mail to maegaspa is sent
sending mail to malngo@ucsc.edu
mail to malngo is sent
sending mail to mbonzo@ucsc.edu
mail to mbonzo is sent
sending mail to mdusanic@ucsc.edu
mail to mdusanic is sent
sending mail to mflapoin@ucsc.edu
mail to mflapoin is sent
sending mail to mfulton@ucsc.edu
mail to mfulton is sent
sending mail to mhoshko@ucsc.edu
mail to mhoshko is sent
sending mail to migamboa@ucsc.edu
mail to migamboa is sent
sending mail to mlagapa@ucsc.edu
mail to mlagapa is sent
sending mail to mmmayr@ucsc.edu
mail to mmmayr is sent
sending mail to momhassa@ucsc.edu
mail to momhassa is sent
sending mail to mopowell@ucsc.edu
mail to mopowell is sent
sending mail to mstorrs@ucsc.edu
mail to mstorrs is sent
sending mail to mvillal4@ucsc.edu
mail to mvillal4 is sent
sending mail to mwoehr@ucsc.edu
mail to mwoehr is sent
sending mail to nikalant@ucsc.edu
mail to nikalant is sent
sending mail to njiang8@ucsc.edu
mail to njiang8 is sent
sending mail to nmaines@ucsc.edu
mail to nmaines is sent
sending mail to nsharma7@ucsc.edu
mail to nsharma7 is sent
sending mail to ocastroa@ucsc.edu
mail to ocastroa is sent
sending mail to ocjohnso@ucsc.edu
mail to ocjohnso is sent
sending mail to oyuen@ucsc.edu
mail to oyuen is sent
sending mail to pgarciaa@ucsc.edu
mail to pgarciaa is sent
sending mail to qzhang20@ucsc.edu
mail to qzhang20 is sent
sending mail to qzhang21@ucsc.edu
mail to qzhang21 is sent
sending mail to rccho@ucsc.edu
mail to rccho is sent
sending mail to rdfelix@ucsc.edu
mail to rdfelix is sent
sending mail to rflore8@ucsc.edu
mail to rflore8 is sent
sending mail to rgarrido@ucsc.edu
mail to rgarrido is sent
sending mail to rkarpins@ucsc.edu
mail to rkarpins is sent
sending mail to rlovejoy@ucsc.edu
mail to rlovejoy is sent
sending mail to rlukkoor@ucsc.edu
mail to rlukkoor is sent
sending mail to rmendezv@ucsc.edu
mail to rmendezv is sent
sending mail to rpons@ucsc.edu
mail to rpons is sent
sending mail to rsandhu2@ucsc.edu
mail to rsandhu2 is sent
sending mail to rychoy@ucsc.edu
mail to rychoy is sent
sending mail to rzimpfer@ucsc.edu
mail to rzimpfer is sent
sending mail to salcheun@ucsc.edu
mail to salcheun is sent
sending mail to sapandey@ucsc.edu
mail to sapandey is sent
sending mail to sasshah@ucsc.edu
mail to sasshah is sent
sending mail to sdysart@ucsc.edu
mail to sdysart is sent
sending mail to shester@ucsc.edu
mail to shester is sent
sending mail to smarinac@ucsc.edu
mail to smarinac is sent
sending mail to smaspell@ucsc.edu
mail to smaspell is sent
sending mail to smeus@ucsc.edu
mail to smeus is sent
sending mail to soly@ucsc.edu
mail to soly is sent
sending mail to stang24@ucsc.edu
mail to stang24 is sent
sending mail to stderami@ucsc.edu
mail to stderami is sent
sending mail to summarti@ucsc.edu
mail to summarti is sent
sending mail to syaswen@ucsc.edu
mail to syaswen is sent
sending mail to tawilson@ucsc.edu
mail to tawilson is sent
sending mail to tfraz@ucsc.edu
mail to tfraz is sent
sending mail to tzhang24@ucsc.edu
mail to tzhang24 is sent
sending mail to xzhang52@ucsc.edu
mail to xzhang52 is sent
sending mail to xzhang54@ucsc.edu
mail to xzhang54 is sent
sending mail to xzhang57@ucsc.edu
mail to xzhang57 is sent
sending mail to zgalvez@ucsc.edu
mail to zgalvez is sent
sending mail to zholbroo@ucsc.edu
mail to zholbroo is sent
sending mail to zihliu@ucsc.edu
mail to zihliu is sent
sending mail to zjiang7@ucsc.edu
mail to zjiang7 is sent
all mails are sent
