aalmutaw
/afs/cats.ucsc.edu/class/cmps011-pt.s15/pa3/aalmutaw/GCD.java
========== Performance Evaluation ==========
========== Specification Evaluation ==========
 GRADE = 79/80 
abellouz
/afs/cats.ucsc.edu/class/cmps011-pt.s15/pa3/abellouz/GCD.java
========== Performance Evaluation ==========
========== Specification Evaluation ==========
 GRADE = 80/80 
abuznego
/afs/cats.ucsc.edu/class/cmps011-pt.s15/pa3/abuznego/GCD.java
========== Performance Evaluation ==========
========== Specification Evaluation ==========
 GRADE = 75/80 
acarndt
/afs/cats.ucsc.edu/class/cmps011-pt.s15/pa3/acarndt/GCD.java
========== Performance Evaluation ==========
========== Specification Evaluation ==========
 GRADE = 62/80 
adoubekk
/afs/cats.ucsc.edu/class/cmps011-pt.s15/pa3/adoubekk/GCD.java
========== Performance Evaluation ==========
========== Specification Evaluation ==========
 GRADE = 80/80 
aenoble
/afs/cats.ucsc.edu/class/cmps011-pt.s15/pa3/aenoble/GCD.java
========== Performance Evaluation ==========
========== Specification Evaluation ==========
 GRADE = 70/80 
alrumill
/afs/cats.ucsc.edu/class/cmps011-pt.s15/pa3/alrumill/GCD.java
========== Performance Evaluation ==========
========== Specification Evaluation ==========
 GRADE = 76/80 
amalotai
/afs/cats.ucsc.edu/class/cmps011-pt.s15/pa3/amalotai/GCD.java
========== Performance Evaluation ==========
========== Specification Evaluation ==========
 GRADE = 80/80 
amccree
/afs/cats.ucsc.edu/class/cmps011-pt.s15/pa3/amccree/GCD.java
========== Performance Evaluation ==========
========== Specification Evaluation ==========
 GRADE = 80/80 
amloeza
/afs/cats.ucsc.edu/class/cmps011-pt.s15/pa3/amloeza/GCD.java
========== Performance Evaluation ==========
========== Specification Evaluation ==========
 GRADE = 80/80 
amorley
/afs/cats.ucsc.edu/class/cmps011-pt.s15/pa3/amorley/GCD.java
========== Performance Evaluation ==========
========== Specification Evaluation ==========
 GRADE = 79/80 
apblair
/afs/cats.ucsc.edu/class/cmps011-pt.s15/pa3/apblair/GCD.java
========== Performance Evaluation ==========
========== Specification Evaluation ==========
 GRADE = 80/80 
atuason
/afs/cats.ucsc.edu/class/cmps011-pt.s15/pa3/atuason/GCD.java
========== Performance Evaluation ==========
========== Specification Evaluation ==========
 GRADE = 80/80 
bdarling
/afs/cats.ucsc.edu/class/cmps011-pt.s15/pa3/bdarling/GCD.java
========== Performance Evaluation ==========
========== Specification Evaluation ==========
 GRADE = 80/80 
bmondrag
/afs/cats.ucsc.edu/class/cmps011-pt.s15/pa3/bmondrag/GCD.java
========== Performance Evaluation ==========
========== Specification Evaluation ==========
 GRADE = 80/80 
briverav
/afs/cats.ucsc.edu/class/cmps011-pt.s15/pa3/briverav/GCD.java
========== Performance Evaluation ==========
========== Specification Evaluation ==========
 GRADE = 76/80 
brpham
/afs/cats.ucsc.edu/class/cmps011-pt.s15/pa3/brpham/GCD.java
========== Performance Evaluation ==========
========== Specification Evaluation ==========
 GRADE = 80/80 
bseme
/afs/cats.ucsc.edu/class/cmps011-pt.s15/pa3/bseme/GCD.java
========== Performance Evaluation ==========
========== Specification Evaluation ==========
 GRADE = 61/80 
cabundis
/afs/cats.ucsc.edu/class/cmps011-pt.s15/pa3/cabundis/GCD.java
========== Performance Evaluation ==========
========== Specification Evaluation ==========
 GRADE = 74/80 
carriaga
/afs/cats.ucsc.edu/class/cmps011-pt.s15/pa3/carriaga/GCD.java
========== Performance Evaluation ==========
========== Specification Evaluation ==========
 GRADE = 80/80 
ceaoliva
/afs/cats.ucsc.edu/class/cmps011-pt.s15/pa3/ceaoliva/GCD.java
========== Performance Evaluation ==========
========== Specification Evaluation ==========
 GRADE = 80/80 
chackett
/afs/cats.ucsc.edu/class/cmps011-pt.s15/pa3/chackett/GCD.java
========== Performance Evaluation ==========
========== Specification Evaluation ==========
 GRADE = 76/80 
chmabake
/afs/cats.ucsc.edu/class/cmps011-pt.s15/pa3/chmabake/GCD.java
========== Performance Evaluation ==========
========== Specification Evaluation ==========
 GRADE = 75/80 
chshsmit
/afs/cats.ucsc.edu/class/cmps011-pt.s15/pa3/chshsmit/GCD.java
========== Performance Evaluation ==========
========== Specification Evaluation ==========
 GRADE = 80/80 
ckstone
/afs/cats.ucsc.edu/class/cmps011-pt.s15/pa3/ckstone/GCD.java
========== Performance Evaluation ==========
========== Specification Evaluation ==========
 GRADE = 80/80 
clamaral
/afs/cats.ucsc.edu/class/cmps011-pt.s15/pa3/clamaral/GCD.java
========== Performance Evaluation ==========
========== Specification Evaluation ==========
 GRADE = 76/80 
cnpena
/afs/cats.ucsc.edu/class/cmps011-pt.s15/pa3/cnpena/GCD.java
========== Performance Evaluation ==========
========== Specification Evaluation ==========
 GRADE = 80/80 
coahoust
/afs/cats.ucsc.edu/class/cmps011-pt.s15/pa3/coahoust/GCD.java
========== Performance Evaluation ==========
========== Specification Evaluation ==========
 GRADE = 76/80 
comhowar
/afs/cats.ucsc.edu/class/cmps011-pt.s15/pa3/comhowar/GCD.java
========== Performance Evaluation ==========
========== Specification Evaluation ==========
 GRADE = 77/80 
cppizarr
/afs/cats.ucsc.edu/class/cmps011-pt.s15/pa3/cppizarr/GCD.java
========== Performance Evaluation ==========
========== Specification Evaluation ==========
 GRADE = 80/80 
cvu5
/afs/cats.ucsc.edu/class/cmps011-pt.s15/pa3/cvu5/GCD.java
========== Performance Evaluation ==========
========== Specification Evaluation ==========
 GRADE = 74/80 
dakchin
/afs/cats.ucsc.edu/class/cmps011-pt.s15/pa3/dakchin/GCD.java
========== Performance Evaluation ==========
========== Specification Evaluation ==========
 GRADE = 80/80 
dcejamar
/afs/cats.ucsc.edu/class/cmps011-pt.s15/pa3/dcejamar/GCD.java
========== Performance Evaluation ==========
========== Specification Evaluation ==========
 GRADE = 70/80 
dchiong
/afs/cats.ucsc.edu/class/cmps011-pt.s15/pa3/dchiong/GCD.java
========== Performance Evaluation ==========
========== Specification Evaluation ==========
 GRADE = 80/80 
ddang3
/afs/cats.ucsc.edu/class/cmps011-pt.s15/pa3/ddang3/GCD.java
========== Performance Evaluation ==========
========== Specification Evaluation ==========
 GRADE = 77/80 
dweldega
/afs/cats.ucsc.edu/class/cmps011-pt.s15/pa3/dweldega/GCD.java
========== Performance Evaluation ==========
========== Specification Evaluation ==========
 GRADE = 79/80 
eblank
/afs/cats.ucsc.edu/class/cmps011-pt.s15/pa3/eblank/GCD.java
========== Performance Evaluation ==========
========== Specification Evaluation ==========
 GRADE = 79/80 
egutier9
/afs/cats.ucsc.edu/class/cmps011-pt.s15/pa3/egutier9/GCD.java
========== Performance Evaluation ==========
========== Specification Evaluation ==========
 GRADE = 80/80 
eramitch
/afs/cats.ucsc.edu/class/cmps011-pt.s15/pa3/eramitch/GCD.java
========== Performance Evaluation ==========
========== Specification Evaluation ==========
 GRADE = 80/80 
ercorral
/afs/cats.ucsc.edu/class/cmps011-pt.s15/pa3/ercorral/GCD.java
========== Performance Evaluation ==========
========== Specification Evaluation ==========
 GRADE = 75/80 
eresendi
/afs/cats.ucsc.edu/class/cmps011-pt.s15/pa3/eresendi/GCD.java
========== Performance Evaluation ==========
========== Specification Evaluation ==========
 GRADE = 59/80 
fconnor
/afs/cats.ucsc.edu/class/cmps011-pt.s15/pa3/fconnor/GDC.java
========== Performance Evaluation ==========
========== Specification Evaluation ==========
 GRADE = 75/80 
gbiles
/afs/cats.ucsc.edu/class/cmps011-pt.s15/pa3/gbiles/GCD.java
========== Performance Evaluation ==========
========== Specification Evaluation ==========
 GRADE = 79/80 
gjorgens
/afs/cats.ucsc.edu/class/cmps011-pt.s15/pa3/gjorgens/GCD.java
========== Performance Evaluation ==========
========== Specification Evaluation ==========
 GRADE = 80/80 
grekhtma
/afs/cats.ucsc.edu/class/cmps011-pt.s15/pa3/grekhtma/GCD.java
========== Performance Evaluation ==========
========== Specification Evaluation ==========
 GRADE = 61/80 
hpperez
/afs/cats.ucsc.edu/class/cmps011-pt.s15/pa3/hpperez/GCD.java
========== Performance Evaluation ==========
========== Specification Evaluation ==========
 GRADE = 80/80 
hslu
/afs/cats.ucsc.edu/class/cmps011-pt.s15/pa3/hslu/GCD.java
========== Performance Evaluation ==========
========== Specification Evaluation ==========
 GRADE = 80/80 
hwang54
/afs/cats.ucsc.edu/class/cmps011-pt.s15/pa3/hwang54/GCD.java
========== Performance Evaluation ==========
========== Specification Evaluation ==========
 GRADE = 76/80 
hwhitehi
/afs/cats.ucsc.edu/class/cmps011-pt.s15/pa3/hwhitehi/GCD.java
========== Performance Evaluation ==========
========== Specification Evaluation ==========
 GRADE = 79/80 
jaakirby
/afs/cats.ucsc.edu/class/cmps011-pt.s15/pa3/jaakirby/GCD.java
========== Performance Evaluation ==========
========== Specification Evaluation ==========
 GRADE = 80/80 
jahua
/afs/cats.ucsc.edu/class/cmps011-pt.s15/pa3/jahua/GCD.java
========== Performance Evaluation ==========
========== Specification Evaluation ==========
 GRADE = 79/80 
jajurado
/afs/cats.ucsc.edu/class/cmps011-pt.s15/pa3/jajurado/GCD.java
========== Performance Evaluation ==========
========== Specification Evaluation ==========
 GRADE = 80/80 
jaortega
/afs/cats.ucsc.edu/class/cmps011-pt.s15/pa3/jaortega/GCD.java
========== Performance Evaluation ==========
========== Specification Evaluation ==========
 GRADE = 75/80 
jbjeroni
/afs/cats.ucsc.edu/class/cmps011-pt.s15/pa3/jbjeroni/GCD.java
========== Performance Evaluation ==========
========== Specification Evaluation ==========
 GRADE = 35/80 
jceisner
/afs/cats.ucsc.edu/class/cmps011-pt.s15/pa3/jceisner/GCD.java
========== Performance Evaluation ==========
========== Specification Evaluation ==========
 GRADE = 79/80 
jchu27
/afs/cats.ucsc.edu/class/cmps011-pt.s15/pa3/jchu27/GCD.java
========== Performance Evaluation ==========
========== Specification Evaluation ==========
 GRADE = 76/80 
jcopher
/afs/cats.ucsc.edu/class/cmps011-pt.s15/pa3/jcopher/GCD.java
========== Performance Evaluation ==========
========== Specification Evaluation ==========
 GRADE = 79/80 
jcsoper
/afs/cats.ucsc.edu/class/cmps011-pt.s15/pa3/jcsoper/GCD.java
========== Performance Evaluation ==========
========== Specification Evaluation ==========
 GRADE = 75/80 
jdarby
/afs/cats.ucsc.edu/class/cmps011-pt.s15/pa3/jdarby/GCD.java
========== Performance Evaluation ==========
========== Specification Evaluation ==========
 GRADE = 77/80 
jdekloe
/afs/cats.ucsc.edu/class/cmps011-pt.s15/pa3/jdekloe/GCD.java
========== Performance Evaluation ==========
========== Specification Evaluation ==========
 GRADE = 77/80 
jdelgad4
/afs/cats.ucsc.edu/class/cmps011-pt.s15/pa3/jdelgad4/GCD.java
========== Performance Evaluation ==========
========== Specification Evaluation ==========
 GRADE = 65/80 
jdlammer
/afs/cats.ucsc.edu/class/cmps011-pt.s15/pa3/jdlammer/GCD.java
========== Performance Evaluation ==========
========== Specification Evaluation ==========
 GRADE = 80/80 
jetrata
/afs/cats.ucsc.edu/class/cmps011-pt.s15/pa3/jetrata/GCD.java
========== Performance Evaluation ==========
========== Specification Evaluation ==========
 GRADE = 80/80 
jfyang
/afs/cats.ucsc.edu/class/cmps011-pt.s15/pa3/jfyang/GCD.java
========== Performance Evaluation ==========
========== Specification Evaluation ==========
 GRADE = 80/80 
jgeri
/afs/cats.ucsc.edu/class/cmps011-pt.s15/pa3/jgeri/GCD.java
========== Performance Evaluation ==========
========== Specification Evaluation ==========
 GRADE = 75/80 
jjuanill
/afs/cats.ucsc.edu/class/cmps011-pt.s15/pa3/jjuanill/GCD.java
========== Performance Evaluation ==========
========== Specification Evaluation ==========
 GRADE = 80/80 
jlcarlos
/afs/cats.ucsc.edu/class/cmps011-pt.s15/pa3/jlcarlos/GCD.java
========== Performance Evaluation ==========
========== Specification Evaluation ==========
 GRADE = 80/80 
jlei4
/afs/cats.ucsc.edu/class/cmps011-pt.s15/pa3/jlei4/GCD.java
========== Performance Evaluation ==========
========== Specification Evaluation ==========
 GRADE = 80/80 
jmoral18
/afs/cats.ucsc.edu/class/cmps011-pt.s15/pa3/jmoral18/GCD.java
========== Performance Evaluation ==========
========== Specification Evaluation ==========
 GRADE = 80/80 
jmroger
/afs/cats.ucsc.edu/class/cmps011-pt.s15/pa3/jmroger/GCD.java
========== Performance Evaluation ==========
========== Specification Evaluation ==========
 GRADE = 70/80 
jmwaller
/afs/cats.ucsc.edu/class/cmps011-pt.s15/pa3/jmwaller/GCD.java
========== Performance Evaluation ==========
========== Specification Evaluation ==========
 GRADE = 69/80 
joisanch
/afs/cats.ucsc.edu/class/cmps011-pt.s15/pa3/joisanch/GCD.java
========== Performance Evaluation ==========
========== Specification Evaluation ==========
 GRADE = 79/80 
jorblumb
/afs/cats.ucsc.edu/class/cmps011-pt.s15/pa3/jorblumb/GCD.java
========== Performance Evaluation ==========
========== Specification Evaluation ==========
 GRADE = 80/80 
josholme
/afs/cats.ucsc.edu/class/cmps011-pt.s15/pa3/josholme/GCD.java
========== Performance Evaluation ==========
========== Specification Evaluation ==========
 GRADE = 80/80 
joyun
/afs/cats.ucsc.edu/class/cmps011-pt.s15/pa3/joyun/GCD.java
========== Performance Evaluation ==========
========== Specification Evaluation ==========
 GRADE = 80/80 
jran4
/afs/cats.ucsc.edu/class/cmps011-pt.s15/pa3/jran4/GCD.java
========== Performance Evaluation ==========
========== Specification Evaluation ==========
 GRADE = 80/80 
jsagrero
/afs/cats.ucsc.edu/class/cmps011-pt.s15/pa3/jsagrero/GCD.java
========== Performance Evaluation ==========
========== Specification Evaluation ==========
 GRADE = 55/80 
jsono
/afs/cats.ucsc.edu/class/cmps011-pt.s15/pa3/jsono/GCD.java
========== Performance Evaluation ==========
========== Specification Evaluation ==========
 GRADE = 79/80 
jsvanden
/afs/cats.ucsc.edu/class/cmps011-pt.s15/pa3/jsvanden/GCD.java
========== Performance Evaluation ==========
========== Specification Evaluation ==========
 GRADE = 80/80 
jucsalaz
/afs/cats.ucsc.edu/class/cmps011-pt.s15/pa3/jucsalaz/GCD.java
========== Performance Evaluation ==========
========== Specification Evaluation ==========
 GRADE = 80/80 
jxu43
/afs/cats.ucsc.edu/class/cmps011-pt.s15/pa3/jxu43/GCD.java
========== Performance Evaluation ==========
========== Specification Evaluation ==========
 GRADE = 77/80 
jzhao26
/afs/cats.ucsc.edu/class/cmps011-pt.s15/pa3/jzhao26/GCD.java
========== Performance Evaluation ==========
========== Specification Evaluation ==========
 GRADE = 80/80 
kapalaci
/afs/cats.ucsc.edu/class/cmps011-pt.s15/pa3/kapalaci/GCD.java
========== Performance Evaluation ==========
========== Specification Evaluation ==========
 GRADE = 65/80 
kbarchar
/afs/cats.ucsc.edu/class/cmps011-pt.s15/pa3/kbarchar/GCD.java
========== Performance Evaluation ==========
========== Specification Evaluation ==========
 GRADE = 80/80 
kbrar
/afs/cats.ucsc.edu/class/cmps011-pt.s15/pa3/kbrar/GCD.java
========== Performance Evaluation ==========
========== Specification Evaluation ==========
 GRADE = 80/80 
kdhua
/afs/cats.ucsc.edu/class/cmps011-pt.s15/pa3/kdhua/GCD.java
========== Performance Evaluation ==========
========== Specification Evaluation ==========
 GRADE = 80/80 
kehutran
/afs/cats.ucsc.edu/class/cmps011-pt.s15/pa3/kehutran/GCD.java
========== Performance Evaluation ==========
========== Specification Evaluation ==========
 GRADE = 80/80 
kflores2
/afs/cats.ucsc.edu/class/cmps011-pt.s15/pa3/kflores2/GCD.java
========== Performance Evaluation ==========
========== Specification Evaluation ==========
 GRADE = 79/80 
kharpe2
/afs/cats.ucsc.edu/class/cmps011-pt.s15/pa3/kharpe2/GCD.java
========== Performance Evaluation ==========
========== Specification Evaluation ==========
 GRADE = 79/80 
kivaldez
/afs/cats.ucsc.edu/class/cmps011-pt.s15/pa3/kivaldez/GCD.java
========== Performance Evaluation ==========
========== Specification Evaluation ==========
 GRADE = 80/80 
kjeng
/afs/cats.ucsc.edu/class/cmps011-pt.s15/pa3/kjeng/GCD.java
========== Performance Evaluation ==========
========== Specification Evaluation ==========
 GRADE = 80/80 
krosengr
/afs/cats.ucsc.edu/class/cmps011-pt.s15/pa3/krosengr/GCD.java
========== Performance Evaluation ==========
========== Specification Evaluation ==========
 GRADE = 77/80 
ktreggs
/afs/cats.ucsc.edu/class/cmps011-pt.s15/pa3/ktreggs/GCD.java
========== Performance Evaluation ==========
========== Specification Evaluation ==========
 GRADE = 73/80 
kyajohns
/afs/cats.ucsc.edu/class/cmps011-pt.s15/pa3/kyajohns/GCD.java
========== Performance Evaluation ==========
========== Specification Evaluation ==========
 GRADE = 80/80 
latanner
/afs/cats.ucsc.edu/class/cmps011-pt.s15/pa3/latanner/GCD.java
========== Performance Evaluation ==========
========== Specification Evaluation ==========
 GRADE = 80/80 
lhyndman
/afs/cats.ucsc.edu/class/cmps011-pt.s15/pa3/lhyndman/GCD.java
========== Performance Evaluation ==========
========== Specification Evaluation ==========
 GRADE = 80/80 
ljiang2
/afs/cats.ucsc.edu/class/cmps011-pt.s15/pa3/ljiang2/GCD.java
========== Performance Evaluation ==========
========== Specification Evaluation ==========
 GRADE = 70/80 
maecabre
/afs/cats.ucsc.edu/class/cmps011-pt.s15/pa3/maecabre/GCD.java
========== Performance Evaluation ==========
========== Specification Evaluation ==========
 GRADE = 80/80 
maegaspa
/afs/cats.ucsc.edu/class/cmps011-pt.s15/pa3/maegaspa/GCD.java
========== Performance Evaluation ==========
========== Specification Evaluation ==========
 GRADE = 61/80 
mbonzo
/afs/cats.ucsc.edu/class/cmps011-pt.s15/pa3/mbonzo/GCD.java
========== Performance Evaluation ==========
========== Specification Evaluation ==========
 GRADE = 80/80 
mdusanic
/afs/cats.ucsc.edu/class/cmps011-pt.s15/pa3/mdusanic/GCD.java
========== Performance Evaluation ==========
========== Specification Evaluation ==========
 GRADE = 79/80 
mflapoin
/afs/cats.ucsc.edu/class/cmps011-pt.s15/pa3/mflapoin/GCD.java
========== Performance Evaluation ==========
========== Specification Evaluation ==========
 GRADE = 80/80 
mfulton
/afs/cats.ucsc.edu/class/cmps011-pt.s15/pa3/mfulton/GCD.java
========== Performance Evaluation ==========
========== Specification Evaluation ==========
 GRADE = 80/80 
mhoshko
/afs/cats.ucsc.edu/class/cmps011-pt.s15/pa3/mhoshko/GCD.java
========== Performance Evaluation ==========
========== Specification Evaluation ==========
 GRADE = 79/80 
migamboa
/afs/cats.ucsc.edu/class/cmps011-pt.s15/pa3/migamboa/GCD.java
========== Performance Evaluation ==========
========== Specification Evaluation ==========
 GRADE = 62/80 
mlagapa
/afs/cats.ucsc.edu/class/cmps011-pt.s15/pa3/mlagapa/GCD.java
========== Performance Evaluation ==========
========== Specification Evaluation ==========
 GRADE = 79/80 
mmmayr
/afs/cats.ucsc.edu/class/cmps011-pt.s15/pa3/mmmayr/GCD.java
========== Performance Evaluation ==========
========== Specification Evaluation ==========
 GRADE = 80/80 
momhassa
/afs/cats.ucsc.edu/class/cmps011-pt.s15/pa3/momhassa/GCD.java
========== Performance Evaluation ==========
========== Specification Evaluation ==========
 GRADE = 80/80 
mopowell
/afs/cats.ucsc.edu/class/cmps011-pt.s15/pa3/mopowell/GCD.java
========== Performance Evaluation ==========
========== Specification Evaluation ==========
 GRADE = 80/80 
mstorrs
/afs/cats.ucsc.edu/class/cmps011-pt.s15/pa3/mstorrs/GCD.java
========== Performance Evaluation ==========
========== Specification Evaluation ==========
 GRADE = 76/80 
mvillal4
/afs/cats.ucsc.edu/class/cmps011-pt.s15/pa3/mvillal4/GCD.java
========== Performance Evaluation ==========
========== Specification Evaluation ==========
 GRADE = 80/80 
mwoehr
/afs/cats.ucsc.edu/class/cmps011-pt.s15/pa3/mwoehr/GCD.java
========== Performance Evaluation ==========
========== Specification Evaluation ==========
 GRADE = 80/80 
nikalant
========== Performance Evaluation ==========
========== Specification Evaluation ==========
 GRADE = 0/80 
njiang8
/afs/cats.ucsc.edu/class/cmps011-pt.s15/pa3/njiang8/GCD.java
========== Performance Evaluation ==========
========== Specification Evaluation ==========
 GRADE = 80/80 
nmaines
/afs/cats.ucsc.edu/class/cmps011-pt.s15/pa3/nmaines/GCD.java
========== Performance Evaluation ==========
========== Specification Evaluation ==========
 GRADE = 80/80 
nsharma7
/afs/cats.ucsc.edu/class/cmps011-pt.s15/pa3/nsharma7/GCD.java
========== Performance Evaluation ==========
========== Specification Evaluation ==========
 GRADE = 80/80 
ocastroa
/afs/cats.ucsc.edu/class/cmps011-pt.s15/pa3/ocastroa/GCD.java
========== Performance Evaluation ==========
========== Specification Evaluation ==========
 GRADE = 70/80 
ocjohnso
/afs/cats.ucsc.edu/class/cmps011-pt.s15/pa3/ocjohnso/GCD.java
========== Performance Evaluation ==========
========== Specification Evaluation ==========
 GRADE = 65/80 
oyuen
/afs/cats.ucsc.edu/class/cmps011-pt.s15/pa3/oyuen/GCD.java
========== Performance Evaluation ==========
========== Specification Evaluation ==========
 GRADE = 79/80 
pgarciaa
/afs/cats.ucsc.edu/class/cmps011-pt.s15/pa3/pgarciaa/GCD.java
========== Performance Evaluation ==========
========== Specification Evaluation ==========
 GRADE = 80/80 
qzhang20
/afs/cats.ucsc.edu/class/cmps011-pt.s15/pa3/qzhang20/GCD.java
========== Performance Evaluation ==========
========== Specification Evaluation ==========
 GRADE = 79/80 
qzhang21
/afs/cats.ucsc.edu/class/cmps011-pt.s15/pa3/qzhang21/GCD.java
========== Performance Evaluation ==========
========== Specification Evaluation ==========
 GRADE = 79/80 
rccho
/afs/cats.ucsc.edu/class/cmps011-pt.s15/pa3/rccho/GCD.java
========== Performance Evaluation ==========
========== Specification Evaluation ==========
 GRADE = 80/80 
rdfelix
/afs/cats.ucsc.edu/class/cmps011-pt.s15/pa3/rdfelix/GCD.java
========== Performance Evaluation ==========
========== Specification Evaluation ==========
 GRADE = 79/80 
rflore8
/afs/cats.ucsc.edu/class/cmps011-pt.s15/pa3/rflore8/GCD.java
========== Performance Evaluation ==========
========== Specification Evaluation ==========
 GRADE = 80/80 
rgarrido
/afs/cats.ucsc.edu/class/cmps011-pt.s15/pa3/rgarrido/GCD.java
========== Performance Evaluation ==========
========== Specification Evaluation ==========
 GRADE = 80/80 
rhersewo
/afs/cats.ucsc.edu/class/cmps011-pt.s15/pa3/rhersewo/GCD.java
========== Performance Evaluation ==========
========== Specification Evaluation ==========
 GRADE = 70/80 
rkarpins
/afs/cats.ucsc.edu/class/cmps011-pt.s15/pa3/rkarpins/GCD.java
========== Performance Evaluation ==========
========== Specification Evaluation ==========
 GRADE = 77/80 
rlovejoy
/afs/cats.ucsc.edu/class/cmps011-pt.s15/pa3/rlovejoy/GCD.java
========== Performance Evaluation ==========
========== Specification Evaluation ==========
 GRADE = 80/80 
rlukkoor
/afs/cats.ucsc.edu/class/cmps011-pt.s15/pa3/rlukkoor/GCD.java
========== Performance Evaluation ==========
========== Specification Evaluation ==========
 GRADE = 79/80 
rpons
/afs/cats.ucsc.edu/class/cmps011-pt.s15/pa3/rpons/GCD.java
========== Performance Evaluation ==========
========== Specification Evaluation ==========
 GRADE = 63/80 
rsandhu2
/afs/cats.ucsc.edu/class/cmps011-pt.s15/pa3/rsandhu2/GCD.java
========== Performance Evaluation ==========
========== Specification Evaluation ==========
 GRADE = 70/80 
rychoy
/afs/cats.ucsc.edu/class/cmps011-pt.s15/pa3/rychoy/GCD.java
========== Performance Evaluation ==========
========== Specification Evaluation ==========
 GRADE = 80/80 
rzimpfer
/afs/cats.ucsc.edu/class/cmps011-pt.s15/pa3/rzimpfer/GCD.java
========== Performance Evaluation ==========
========== Specification Evaluation ==========
 GRADE = 80/80 
salcheun
/afs/cats.ucsc.edu/class/cmps011-pt.s15/pa3/salcheun/GCD.java
========== Performance Evaluation ==========
========== Specification Evaluation ==========
 GRADE = 80/80 
sapandey
/afs/cats.ucsc.edu/class/cmps011-pt.s15/pa3/sapandey/GCD.java
========== Performance Evaluation ==========
========== Specification Evaluation ==========
 GRADE = 80/80 
sasshah
/afs/cats.ucsc.edu/class/cmps011-pt.s15/pa3/sasshah/GCD.java
========== Performance Evaluation ==========
========== Specification Evaluation ==========
 GRADE = 79/80 
sdysart
/afs/cats.ucsc.edu/class/cmps011-pt.s15/pa3/sdysart/GCD.java
========== Performance Evaluation ==========
========== Specification Evaluation ==========
 GRADE = 80/80 
shester
/afs/cats.ucsc.edu/class/cmps011-pt.s15/pa3/shester/GCD.java
========== Performance Evaluation ==========
========== Specification Evaluation ==========
 GRADE = 80/80 
smarinac
/afs/cats.ucsc.edu/class/cmps011-pt.s15/pa3/smarinac/GCD.java
========== Performance Evaluation ==========
========== Specification Evaluation ==========
 GRADE = 79/80 
smeus
/afs/cats.ucsc.edu/class/cmps011-pt.s15/pa3/smeus/GCD.java
========== Performance Evaluation ==========
========== Specification Evaluation ==========
 GRADE = 60/80 
soly
/afs/cats.ucsc.edu/class/cmps011-pt.s15/pa3/soly/GCD.java
========== Performance Evaluation ==========
========== Specification Evaluation ==========
 GRADE = 80/80 
stang24
/afs/cats.ucsc.edu/class/cmps011-pt.s15/pa3/stang24/GCD.java
========== Performance Evaluation ==========
========== Specification Evaluation ==========
 GRADE = 80/80 
stderami
/afs/cats.ucsc.edu/class/cmps011-pt.s15/pa3/stderami/GCD.java
========== Performance Evaluation ==========
========== Specification Evaluation ==========
 GRADE = 75/80 
summarti
/afs/cats.ucsc.edu/class/cmps011-pt.s15/pa3/summarti/GCD.java
========== Performance Evaluation ==========
========== Specification Evaluation ==========
 GRADE = 80/80 
syaswen
/afs/cats.ucsc.edu/class/cmps011-pt.s15/pa3/syaswen/GCD.java
========== Performance Evaluation ==========
========== Specification Evaluation ==========
 GRADE = 80/80 
tawilson
/afs/cats.ucsc.edu/class/cmps011-pt.s15/pa3/tawilson/GCD.java
========== Performance Evaluation ==========
========== Specification Evaluation ==========
 GRADE = 80/80 
tfraz
/afs/cats.ucsc.edu/class/cmps011-pt.s15/pa3/tfraz/GCD.java
========== Performance Evaluation ==========
========== Specification Evaluation ==========
 GRADE = 80/80 
tzhang24
/afs/cats.ucsc.edu/class/cmps011-pt.s15/pa3/tzhang24/GCD.java
========== Performance Evaluation ==========
========== Specification Evaluation ==========
 GRADE = 80/80 
xzhang52
/afs/cats.ucsc.edu/class/cmps011-pt.s15/pa3/xzhang52/GCD.java
========== Performance Evaluation ==========
========== Specification Evaluation ==========
 GRADE = 80/80 
xzhang54
/afs/cats.ucsc.edu/class/cmps011-pt.s15/pa3/xzhang54/GCD.java
========== Performance Evaluation ==========
========== Specification Evaluation ==========
 GRADE = 76/80 
xzhang57
/afs/cats.ucsc.edu/class/cmps011-pt.s15/pa3/xzhang57/GCD.java
========== Performance Evaluation ==========
========== Specification Evaluation ==========
 GRADE = 80/80 
zgalvez
/afs/cats.ucsc.edu/class/cmps011-pt.s15/pa3/zgalvez/GCD.java
========== Performance Evaluation ==========
========== Specification Evaluation ==========
 GRADE = 80/80 
zholbroo
/afs/cats.ucsc.edu/class/cmps011-pt.s15/pa3/zholbroo/GCD.java
========== Performance Evaluation ==========
========== Specification Evaluation ==========
 GRADE = 70/80 
zihliu
========== Performance Evaluation ==========
========== Specification Evaluation ==========
 GRADE = 0/80 
zjiang7
/afs/cats.ucsc.edu/class/cmps011-pt.s15/pa3/zjiang7/GCD.java
========== Performance Evaluation ==========
========== Specification Evaluation ==========
 GRADE = 70/80 

DONE

